[01m[K/home/slwanna/maidbot_interview/src/fake_odom/src/odom_pub.cpp:[m[K In constructor ‘[01m[KFakeOdom::FakeOdom()[m[K’:
[01m[K/home/slwanna/maidbot_interview/src/fake_odom/src/odom_pub.cpp:10:10:[m[K [01;31m[Kerror: [m[Kexpression cannot be used as a function
     x(0.0);
[01;32m[K          ^[m[K
[01m[K/home/slwanna/maidbot_interview/src/fake_odom/src/odom_pub.cpp:11:10:[m[K [01;31m[Kerror: [m[Kexpression cannot be used as a function
     y(0.0);
[01;32m[K          ^[m[K
[01m[K/home/slwanna/maidbot_interview/src/fake_odom/src/odom_pub.cpp:12:11:[m[K [01;31m[Kerror: [m[Kexpression cannot be used as a function
     th(0.0);
[01;32m[K           ^[m[K
[01m[K/home/slwanna/maidbot_interview/src/fake_odom/src/odom_pub.cpp:[m[K In member function ‘[01m[Kvoid FakeOdom::odom_trans_init(FakeOdom&, ros::Time)[m[K’:
[01m[K/home/slwanna/maidbot_interview/src/fake_odom/src/odom_pub.cpp:16:9:[m[K [01;31m[Kerror: [m[K‘[01m[Kclass FakeOdom[m[K’ has no member named ‘[01m[Kheader[m[K’
     foo.header.stamp = current;
[01;32m[K         ^[m[K
[01m[K/home/slwanna/maidbot_interview/src/fake_odom/src/odom_pub.cpp:17:9:[m[K [01;31m[Kerror: [m[K‘[01m[Kclass FakeOdom[m[K’ has no member named ‘[01m[Kheader[m[K’
     foo.header.frame_id = "odom";
[01;32m[K         ^[m[K
[01m[K/home/slwanna/maidbot_interview/src/fake_odom/src/odom_pub.cpp:18:9:[m[K [01;31m[Kerror: [m[K‘[01m[Kclass FakeOdom[m[K’ has no member named ‘[01m[Kchild_frame_id[m[K’
     foo.child_frame_id = "base_link";
[01;32m[K         ^[m[K
[01m[K/home/slwanna/maidbot_interview/src/fake_odom/src/odom_pub.cpp:20:9:[m[K [01;31m[Kerror: [m[K‘[01m[Kclass FakeOdom[m[K’ has no member named ‘[01m[Ktransform[m[K’
     foo.transform.translation.z = 0.0;
[01;32m[K         ^[m[K
[01m[K/home/slwanna/maidbot_interview/src/fake_odom/src/odom_pub.cpp:[m[K In member function ‘[01m[Kvoid FakeOdom::odom_trans_update(FakeOdom&, ros::Time, double, double, geometry_msgs::Quaternion)[m[K’:
[01m[K/home/slwanna/maidbot_interview/src/fake_odom/src/odom_pub.cpp:24:9:[m[K [01;31m[Kerror: [m[K‘[01m[Kclass FakeOdom[m[K’ has no member named ‘[01m[Kheader[m[K’
     foo.header.stamp = current;
[01;32m[K         ^[m[K
[01m[K/home/slwanna/maidbot_interview/src/fake_odom/src/odom_pub.cpp:25:9:[m[K [01;31m[Kerror: [m[K‘[01m[Kclass FakeOdom[m[K’ has no member named ‘[01m[Ktransform[m[K’
     foo.transform.translation.x = x;
[01;32m[K         ^[m[K
[01m[K/home/slwanna/maidbot_interview/src/fake_odom/src/odom_pub.cpp:26:9:[m[K [01;31m[Kerror: [m[K‘[01m[Kclass FakeOdom[m[K’ has no member named ‘[01m[Ktransform[m[K’
     foo.transform.translation.y = y;
[01;32m[K         ^[m[K
[01m[K/home/slwanna/maidbot_interview/src/fake_odom/src/odom_pub.cpp:27:9:[m[K [01;31m[Kerror: [m[K‘[01m[Kclass FakeOdom[m[K’ has no member named ‘[01m[Ktransform[m[K’
     foo.transform.rotation = odom_quat;
[01;32m[K         ^[m[K
[01m[K/home/slwanna/maidbot_interview/src/fake_odom/src/odom_pub.cpp:[m[K In function ‘[01m[Kint main(int, char**)[m[K’:
[01m[K/home/slwanna/maidbot_interview/src/fake_odom/src/odom_pub.cpp:42:66:[m[K [01;31m[Kerror: [m[Kno matching function for call to ‘[01m[KFakeOdom::odom_trans_init(geometry_msgs::TransformStamped&, ros::Time&)[m[K’
     FakeOdom::odom_trans_init(odom_node->odom_trans, current_time);
[01;32m[K                                                                  ^[m[K
[01m[K/home/slwanna/maidbot_interview/src/fake_odom/src/odom_pub.cpp:15:6:[m[K [01;36m[Knote: [m[Kcandidate: void FakeOdom::odom_trans_init(FakeOdom&, ros::Time)
 void FakeOdom::odom_trans_init(FakeOdom& foo, ros::Time current){
[01;32m[K      ^[m[K
[01m[K/home/slwanna/maidbot_interview/src/fake_odom/src/odom_pub.cpp:15:6:[m[K [01;36m[Knote: [m[K  no known conversion for argument 1 from ‘[01m[Kgeometry_msgs::TransformStamped {aka geometry_msgs::TransformStamped_<std::allocator<void> >}[m[K’ to ‘[01m[KFakeOdom&[m[K’
[01m[K/home/slwanna/maidbot_interview/src/fake_odom/src/odom_pub.cpp:44:14:[m[K [01;31m[Kerror: [m[Kexpected primary-expression before ‘[01m[K.[m[K’ token
     while(ros.ok()) {
[01;32m[K              ^[m[K
[01m[K/home/slwanna/maidbot_interview/src/fake_odom/src/odom_pub.cpp:49:9:[m[K [01;31m[Kerror: [m[K‘[01m[Kdt[m[K’ was not declared in this scope
         dt = (current_time - last_time).toSec();
[01;32m[K         ^[m[K
[01m[K/home/slwanna/maidbot_interview/src/fake_odom/src/odom_pub.cpp:50:9:[m[K [01;31m[Kerror: [m[K‘[01m[Kdelta_x[m[K’ was not declared in this scope
         delta_x = (vx * cos(th) - vy * sin(th)) * dt;
[01;32m[K         ^[m[K
[01m[K/home/slwanna/maidbot_interview/src/fake_odom/src/odom_pub.cpp:50:20:[m[K [01;31m[Kerror: [m[K‘[01m[Kvx[m[K’ was not declared in this scope
         delta_x = (vx * cos(th) - vy * sin(th)) * dt;
[01;32m[K                    ^[m[K
[01m[K/home/slwanna/maidbot_interview/src/fake_odom/src/odom_pub.cpp:50:29:[m[K [01;31m[Kerror: [m[K‘[01m[Kth[m[K’ was not declared in this scope
         delta_x = (vx * cos(th) - vy * sin(th)) * dt;
[01;32m[K                             ^[m[K
[01m[K/home/slwanna/maidbot_interview/src/fake_odom/src/odom_pub.cpp:50:35:[m[K [01;31m[Kerror: [m[K‘[01m[Kvy[m[K’ was not declared in this scope
         delta_x = (vx * cos(th) - vy * sin(th)) * dt;
[01;32m[K                                   ^[m[K
[01m[K/home/slwanna/maidbot_interview/src/fake_odom/src/odom_pub.cpp:51:9:[m[K [01;31m[Kerror: [m[K‘[01m[Kdelta_y[m[K’ was not declared in this scope
         delta_y = (vx * sin(th) + vy * cos(th)) * dt;
[01;32m[K         ^[m[K
[01m[K/home/slwanna/maidbot_interview/src/fake_odom/src/odom_pub.cpp:52:9:[m[K [01;31m[Kerror: [m[K‘[01m[Kdelta_th[m[K’ was not declared in this scope
         delta_th = vth * dt;
[01;32m[K         ^[m[K
[01m[K/home/slwanna/maidbot_interview/src/fake_odom/src/odom_pub.cpp:52:20:[m[K [01;31m[Kerror: [m[K‘[01m[Kvth[m[K’ was not declared in this scope
         delta_th = vth * dt;
[01;32m[K                    ^[m[K
[01m[K/home/slwanna/maidbot_interview/src/fake_odom/src/odom_pub.cpp:54:9:[m[K [01;31m[Kerror: [m[K‘[01m[Kx[m[K’ was not declared in this scope
         x += delta_x;
[01;32m[K         ^[m[K
[01m[K/home/slwanna/maidbot_interview/src/fake_odom/src/odom_pub.cpp:55:9:[m[K [01;31m[Kerror: [m[K‘[01m[Ky[m[K’ was not declared in this scope
         y += delta_y;
[01;32m[K         ^[m[K
[01m[K/home/slwanna/maidbot_interview/src/fake_odom/src/odom_pub.cpp:58:9:[m[K [01;31m[Kerror: [m[K‘[01m[Kodom_quat[m[K’ was not declared in this scope
         odom_quat = tf::createQuaternionMsgFromYaw(th);
[01;32m[K         ^[m[K
[01m[K/home/slwanna/maidbot_interview/src/fake_odom/src/odom_pub.cpp:62:9:[m[K [01;31m[Kerror: [m[K‘[01m[Kodom_broadcaster[m[K’ was not declared in this scope
         odom_broadcaster.sendTransform(odom_trans);
[01;32m[K         ^[m[K
[01m[K/home/slwanna/maidbot_interview/src/fake_odom/src/odom_pub.cpp:62:40:[m[K [01;31m[Kerror: [m[K‘[01m[Kodom_trans[m[K’ was not declared in this scope
         odom_broadcaster.sendTransform(odom_trans);
[01;32m[K                                        ^[m[K
[01m[K/home/slwanna/maidbot_interview/src/fake_odom/src/odom_pub.cpp:82:9:[m[K [01;31m[Kerror: [m[K‘[01m[Kodom_pub[m[K’ was not declared in this scope
         odom_pub.publish(odom);
[01;32m[K         ^[m[K
[01m[K/home/slwanna/maidbot_interview/src/fake_odom/src/odom_pub.cpp:86:5:[m[K [01;31m[Kerror: [m[Kexpected ‘[01m[K}[m[K’ at end of input
     }
[01;32m[K     ^[m[K
make[2]: *** [CMakeFiles/fake_odom.dir/src/odom_pub.cpp.o] Error 1
make[1]: *** [CMakeFiles/fake_odom.dir/all] Error 2
make: *** [all] Error 2
