In file included from [01m[K/home/slwanna/maidbot_interview/src/fake_odom/src/odom_pub.cpp:5:0[m[K:
[01m[K/home/slwanna/maidbot_interview/src/fake_odom/include/fake_odom/odom_pub.h:[m[K In function ‘[01m[Kint main(int, char**)[m[K’:
[01m[K/home/slwanna/maidbot_interview/src/fake_odom/include/fake_odom/odom_pub.h:15:16:[m[K [01;31m[Kerror: [m[K‘[01m[Kdouble FakeOdom::vx[m[K’ is private
         double vx;
[01;32m[K                ^[m[K
[01m[K/home/slwanna/maidbot_interview/src/fake_odom/src/odom_pub.cpp:50:43:[m[K [01;31m[Kerror: [m[Kwithin this context
         odom_node->delta_x = ( odom_node->vx * cos( odom_node->th) -  odom_node->vy * sin( odom_node->th)) *  odom_node->dt;
[01;32m[K                                           ^[m[K
In file included from [01m[K/home/slwanna/maidbot_interview/src/fake_odom/src/odom_pub.cpp:5:0[m[K:
[01m[K/home/slwanna/maidbot_interview/src/fake_odom/include/fake_odom/odom_pub.h:16:16:[m[K [01;31m[Kerror: [m[K‘[01m[Kdouble FakeOdom::vy[m[K’ is private
         double vy;
[01;32m[K                ^[m[K
[01m[K/home/slwanna/maidbot_interview/src/fake_odom/src/odom_pub.cpp:50:82:[m[K [01;31m[Kerror: [m[Kwithin this context
         odom_node->delta_x = ( odom_node->vx * cos( odom_node->th) -  odom_node->vy * sin( odom_node->th)) *  odom_node->dt;
[01;32m[K                                                                                  ^[m[K
In file included from [01m[K/home/slwanna/maidbot_interview/src/fake_odom/src/odom_pub.cpp:5:0[m[K:
[01m[K/home/slwanna/maidbot_interview/src/fake_odom/include/fake_odom/odom_pub.h:15:16:[m[K [01;31m[Kerror: [m[K‘[01m[Kdouble FakeOdom::vx[m[K’ is private
         double vx;
[01;32m[K                ^[m[K
[01m[K/home/slwanna/maidbot_interview/src/fake_odom/src/odom_pub.cpp:51:43:[m[K [01;31m[Kerror: [m[Kwithin this context
         odom_node->delta_y = ( odom_node->vx * sin( odom_node->th) +  odom_node->vy * cos( odom_node->th)) *  odom_node->dt;
[01;32m[K                                           ^[m[K
In file included from [01m[K/home/slwanna/maidbot_interview/src/fake_odom/src/odom_pub.cpp:5:0[m[K:
[01m[K/home/slwanna/maidbot_interview/src/fake_odom/include/fake_odom/odom_pub.h:16:16:[m[K [01;31m[Kerror: [m[K‘[01m[Kdouble FakeOdom::vy[m[K’ is private
         double vy;
[01;32m[K                ^[m[K
[01m[K/home/slwanna/maidbot_interview/src/fake_odom/src/odom_pub.cpp:51:82:[m[K [01;31m[Kerror: [m[Kwithin this context
         odom_node->delta_y = ( odom_node->vx * sin( odom_node->th) +  odom_node->vy * cos( odom_node->th)) *  odom_node->dt;
[01;32m[K                                                                                  ^[m[K
In file included from [01m[K/home/slwanna/maidbot_interview/src/fake_odom/src/odom_pub.cpp:5:0[m[K:
[01m[K/home/slwanna/maidbot_interview/src/fake_odom/include/fake_odom/odom_pub.h:17:16:[m[K [01;31m[Kerror: [m[K‘[01m[Kdouble FakeOdom::vth[m[K’ is private
         double vth;
[01;32m[K                ^[m[K
[01m[K/home/slwanna/maidbot_interview/src/fake_odom/src/odom_pub.cpp:52:43:[m[K [01;31m[Kerror: [m[Kwithin this context
         odom_node->delta_th =  odom_node->vth *  odom_node->dt;
[01;32m[K                                           ^[m[K
[01m[K/home/slwanna/maidbot_interview/src/fake_odom/src/odom_pub.cpp:58:9:[m[K [01;31m[Kerror: [m[K‘[01m[Kodom_quat[m[K’ was not declared in this scope
         odom_quat = tf::createQuaternionMsgFromYaw(th);
[01;32m[K         ^[m[K
[01m[K/home/slwanna/maidbot_interview/src/fake_odom/src/odom_pub.cpp:58:52:[m[K [01;31m[Kerror: [m[K‘[01m[Kth[m[K’ was not declared in this scope
         odom_quat = tf::createQuaternionMsgFromYaw(th);
[01;32m[K                                                    ^[m[K
[01m[K/home/slwanna/maidbot_interview/src/fake_odom/src/odom_pub.cpp:59:75:[m[K [01;31m[Kerror: [m[K‘[01m[Kx[m[K’ was not declared in this scope
         odom_node->odom_trans_update(odom_node->odom_trans, current_time, x, y, odom_quat);
[01;32m[K                                                                           ^[m[K
[01m[K/home/slwanna/maidbot_interview/src/fake_odom/src/odom_pub.cpp:59:78:[m[K [01;31m[Kerror: [m[K‘[01m[Ky[m[K’ was not declared in this scope
         odom_node->odom_trans_update(odom_node->odom_trans, current_time, x, y, odom_quat);
[01;32m[K                                                                              ^[m[K
[01m[K/home/slwanna/maidbot_interview/src/fake_odom/src/odom_pub.cpp:62:9:[m[K [01;31m[Kerror: [m[K‘[01m[Kodom_broadcaster[m[K’ was not declared in this scope
         odom_broadcaster.sendTransform(odom_trans);
[01;32m[K         ^[m[K
[01m[K/home/slwanna/maidbot_interview/src/fake_odom/src/odom_pub.cpp:62:40:[m[K [01;31m[Kerror: [m[K‘[01m[Kodom_trans[m[K’ was not declared in this scope
         odom_broadcaster.sendTransform(odom_trans);
[01;32m[K                                        ^[m[K
[01m[K/home/slwanna/maidbot_interview/src/fake_odom/src/odom_pub.cpp:77:37:[m[K [01;31m[Kerror: [m[K‘[01m[Kvx[m[K’ was not declared in this scope
         odom.twist.twist.linear.x = vx;
[01;32m[K                                     ^[m[K
[01m[K/home/slwanna/maidbot_interview/src/fake_odom/src/odom_pub.cpp:78:37:[m[K [01;31m[Kerror: [m[K‘[01m[Kvy[m[K’ was not declared in this scope
         odom.twist.twist.linear.y = vy;
[01;32m[K                                     ^[m[K
[01m[K/home/slwanna/maidbot_interview/src/fake_odom/src/odom_pub.cpp:79:38:[m[K [01;31m[Kerror: [m[K‘[01m[Kvth[m[K’ was not declared in this scope
         odom.twist.twist.angular.z = vth;
[01;32m[K                                      ^[m[K
[01m[K/home/slwanna/maidbot_interview/src/fake_odom/src/odom_pub.cpp:82:9:[m[K [01;31m[Kerror: [m[K‘[01m[Kodom_pub[m[K’ was not declared in this scope
         odom_pub.publish(odom);
[01;32m[K         ^[m[K
make[2]: *** [CMakeFiles/fake_odom.dir/src/odom_pub.cpp.o] Error 1
make[1]: *** [CMakeFiles/fake_odom.dir/all] Error 2
make: *** [all] Error 2
