[35m[1mScanning dependencies of target fake_odom[0m
[ 25%] [32mBuilding CXX object CMakeFiles/fake_odom.dir/src/odom_pub.cpp.o[0m
[01m[K/home/slwanna/maidbot_interview/src/fake_odom/src/odom_pub.cpp:[m[K In function ‘[01m[Kint main(int, char**)[m[K’:
[01m[K/home/slwanna/maidbot_interview/src/fake_odom/src/odom_pub.cpp:73:75:[m[K [01;31m[Kerror: [m[K‘[01m[Kx[m[K’ was not declared in this scope
         odom_node->odom_trans_update(odom_node->odom_trans, current_time, x, y, odom_quat);
[01;32m[K                                                                           ^[m[K
[01m[K/home/slwanna/maidbot_interview/src/fake_odom/src/odom_pub.cpp:73:78:[m[K [01;31m[Kerror: [m[K‘[01m[Ky[m[K’ was not declared in this scope
         odom_node->odom_trans_update(odom_node->odom_trans, current_time, x, y, odom_quat);
[01;32m[K                                                                              ^[m[K
[01m[K/home/slwanna/maidbot_interview/src/fake_odom/src/odom_pub.cpp:73:81:[m[K [01;31m[Kerror: [m[K‘[01m[Kodom_quat[m[K’ was not declared in this scope
         odom_node->odom_trans_update(odom_node->odom_trans, current_time, x, y, odom_quat);
[01;32m[K                                                                                 ^[m[K
[01m[K/home/slwanna/maidbot_interview/src/fake_odom/src/odom_pub.cpp:76:51:[m[K [01;31m[Kerror: [m[K‘[01m[Kodom_trans[m[K’ was not declared in this scope
         odom_node->odom_broadcaster.sendTransform(odom_trans);
[01;32m[K                                                   ^[m[K
CMakeFiles/fake_odom.dir/build.make:62: recipe for target 'CMakeFiles/fake_odom.dir/src/odom_pub.cpp.o' failed
make[2]: *** [CMakeFiles/fake_odom.dir/src/odom_pub.cpp.o] Error 1
CMakeFiles/Makefile2:936: recipe for target 'CMakeFiles/fake_odom.dir/all' failed
make[1]: *** [CMakeFiles/fake_odom.dir/all] Error 2
Makefile:138: recipe for target 'all' failed
make: *** [all] Error 2
