Determining if the pthread_create exist failed with the following output:
Change Dir: /home/slwanna/maidbot_interview/build/lidar/CMakeFiles/CMakeTmp

Run Build Command:"/usr/bin/make" "cmTC_63fff/fast"
/usr/bin/make -f CMakeFiles/cmTC_63fff.dir/build.make CMakeFiles/cmTC_63fff.dir/build
make[1]: Entering directory '/home/slwanna/maidbot_interview/build/lidar/CMakeFiles/CMakeTmp'
Building C object CMakeFiles/cmTC_63fff.dir/CheckSymbolExists.c.o
/usr/bin/cc     -o CMakeFiles/cmTC_63fff.dir/CheckSymbolExists.c.o   -c /home/slwanna/maidbot_interview/build/lidar/CMakeFiles/CMakeTmp/CheckSymbolExists.c
Linking C executable cmTC_63fff
/usr/bin/cmake -E cmake_link_script CMakeFiles/cmTC_63fff.dir/link.txt --verbose=1
/usr/bin/cc       CMakeFiles/cmTC_63fff.dir/CheckSymbolExists.c.o  -o cmTC_63fff -rdynamic 
CMakeFiles/cmTC_63fff.dir/CheckSymbolExists.c.o: In function `main':
CheckSymbolExists.c:(.text+0x16): undefined reference to `pthread_create'
collect2: error: ld returned 1 exit status
CMakeFiles/cmTC_63fff.dir/build.make:97: recipe for target 'cmTC_63fff' failed
make[1]: *** [cmTC_63fff] Error 1
make[1]: Leaving directory '/home/slwanna/maidbot_interview/build/lidar/CMakeFiles/CMakeTmp'
Makefile:126: recipe for target 'cmTC_63fff/fast' failed
make: *** [cmTC_63fff/fast] Error 2

File /home/slwanna/maidbot_interview/build/lidar/CMakeFiles/CMakeTmp/CheckSymbolExists.c:
/* */
#include <pthread.h>

int main(int argc, char** argv)
{
  (void)argv;
#ifndef pthread_create
  return ((int*)(&pthread_create))[argc];
#else
  (void)argc;
  return 0;
#endif
}

Determining if the function pthread_create exists in the pthreads failed with the following output:
Change Dir: /home/slwanna/maidbot_interview/build/lidar/CMakeFiles/CMakeTmp

Run Build Command:"/usr/bin/make" "cmTC_1a7cc/fast"
/usr/bin/make -f CMakeFiles/cmTC_1a7cc.dir/build.make CMakeFiles/cmTC_1a7cc.dir/build
make[1]: Entering directory '/home/slwanna/maidbot_interview/build/lidar/CMakeFiles/CMakeTmp'
Building C object CMakeFiles/cmTC_1a7cc.dir/CheckFunctionExists.c.o
/usr/bin/cc    -DCHECK_FUNCTION_EXISTS=pthread_create   -o CMakeFiles/cmTC_1a7cc.dir/CheckFunctionExists.c.o   -c /usr/share/cmake-3.5/Modules/CheckFunctionExists.c
Linking C executable cmTC_1a7cc
/usr/bin/cmake -E cmake_link_script CMakeFiles/cmTC_1a7cc.dir/link.txt --verbose=1
/usr/bin/cc   -DCHECK_FUNCTION_EXISTS=pthread_create    CMakeFiles/cmTC_1a7cc.dir/CheckFunctionExists.c.o  -o cmTC_1a7cc -rdynamic -lpthreads 
/usr/bin/ld: cannot find -lpthreads
collect2: error: ld returned 1 exit status
CMakeFiles/cmTC_1a7cc.dir/build.make:97: recipe for target 'cmTC_1a7cc' failed
make[1]: *** [cmTC_1a7cc] Error 1
make[1]: Leaving directory '/home/slwanna/maidbot_interview/build/lidar/CMakeFiles/CMakeTmp'
Makefile:126: recipe for target 'cmTC_1a7cc/fast' failed
make: *** [cmTC_1a7cc/fast] Error 2


